[2026-02-03T18:45:00.469Z] Launcher starting...
[2026-02-03T18:45:00.471Z] execPath: C:\Program Files\nodejs\node.exe
[2026-02-03T18:45:00.471Z] cwd: C:\dev\playground\GlyphScope
[2026-02-03T18:45:00.471Z] ROOT: C:\dev\playground\GlyphScope
[2026-02-03T18:45:00.483Z] Server started: http://127.0.0.1:8765/
[2026-02-03T18:45:00.497Z] Browser open requested.
[2026-02-03T18:52:42.303Z] Launcher starting...
[2026-02-03T18:52:42.304Z] execPath: C:\dev\playground\GlyphScope\GlyphScope.exe
[2026-02-03T18:52:42.305Z] cwd: C:\dev\playground\GlyphScope
[2026-02-03T18:52:42.305Z] ROOT: C:\dev\playground\GlyphScope
[2026-02-03T18:52:42.319Z] Server started: http://127.0.0.1:8765/
[2026-02-03T18:52:42.333Z] Browser open requested.
[2026-02-13T22:32:50.161Z] Launcher starting...
[2026-02-13T22:32:50.169Z] execPath: C:\dev\playground\GlyphScope\GlyphScope.exe
[2026-02-13T22:32:50.172Z] cwd: C:\dev\playground\GlyphScope
[2026-02-13T22:32:50.172Z] ROOT: C:\dev\playground\GlyphScope
[2026-02-13T22:32:50.194Z] Server started: http://127.0.0.1:8765/
[2026-02-13T22:32:50.212Z] Browser open requested.
[2026-02-13T22:53:17.052Z] Launcher starting...
[2026-02-13T22:53:17.053Z] execPath: C:\dev\playground\GlyphScope\GlyphScope.exe
[2026-02-13T22:53:17.053Z] cwd: C:\dev\playground\GlyphScope
[2026-02-13T22:53:17.053Z] ROOT: C:\dev\playground\GlyphScope
[2026-02-13T22:53:17.067Z] Server started: http://127.0.0.1:8765/
[2026-02-13T22:53:17.079Z] Browser open requested.
[2026-02-13T23:13:59.647Z] Launcher starting...
[2026-02-13T23:13:59.648Z] execPath: C:\dev\playground\GlyphScope\GlyphScope.exe
[2026-02-13T23:13:59.648Z] cwd: C:\dev\playground\GlyphScope
[2026-02-13T23:13:59.649Z] ROOT: C:\dev\playground\GlyphScope
[2026-02-13T23:13:59.663Z] Server started: http://127.0.0.1:8765/
[2026-02-13T23:13:59.675Z] Browser open requested.
[2026-02-13T23:50:37.750Z] Launcher starting...
[2026-02-13T23:50:37.751Z] execPath: C:\dev\playground\GlyphScope\GlyphScope.exe
[2026-02-13T23:50:37.751Z] cwd: C:\dev\playground\GlyphScope
[2026-02-13T23:50:37.752Z] ROOT: C:\dev\playground\GlyphScope
[2026-02-13T23:50:37.767Z] Server started: http://127.0.0.1:8765/
[2026-02-13T23:50:37.781Z] Browser open requested.
[2026-02-17T20:34:09.269Z] Launcher starting...
[2026-02-17T20:34:09.278Z] execPath: C:\dev\playground\GlyphScope\GlyphScope.exe
[2026-02-17T20:34:09.280Z] cwd: C:\dev\playground\GlyphScope
[2026-02-17T20:34:09.280Z] ROOT: C:\dev\playground\GlyphScope
[2026-02-17T20:34:09.301Z] Server started: http://127.0.0.1:8765/
[2026-02-17T20:34:09.320Z] Browser open requested.
[2026-02-18T15:30:33.786Z] Launcher starting...
[2026-02-18T15:30:33.794Z] execPath: C:\dev\playground\GlyphScope\GlyphScope.exe
[2026-02-18T15:30:33.797Z] cwd: C:\dev\playground\GlyphScope
[2026-02-18T15:30:33.797Z] ROOT: C:\dev\playground\GlyphScope
[2026-02-18T15:30:33.819Z] Server started: http://127.0.0.1:8765/
[2026-02-18T15:30:33.833Z] Browser open requested.
[2026-02-18T15:33:18.347Z] Launcher starting...
[2026-02-18T15:33:18.348Z] execPath: C:\dev\playground\GlyphScope\GlyphScope.exe
[2026-02-18T15:33:18.349Z] cwd: C:\dev\playground\GlyphScope
[2026-02-18T15:33:18.349Z] ROOT: C:\dev\playground\GlyphScope
[2026-02-18T15:33:18.363Z] Server started: http://127.0.0.1:8765/
[2026-02-18T15:33:18.376Z] Browser open requested.
[2026-02-18T16:07:04.164Z] Launcher starting...
[2026-02-18T16:07:04.165Z] execPath: C:\dev\playground\GlyphScope\GlyphScope.exe
[2026-02-18T16:07:04.165Z] cwd: C:\dev\playground\GlyphScope
[2026-02-18T16:07:04.166Z] ROOT: C:\dev\playground\GlyphScope
[2026-02-18T16:07:04.181Z] Server started: http://127.0.0.1:8765/
[2026-02-18T16:07:04.193Z] Browser open requested.
